# JRE version: Java(TM) SE Runtime Environment (9.0+11) (build 9.0.4+11)
# Java VM: Java HotSpot(TM) 64-Bit Server VM (9.0.4+11, mixed mode, tiered, compressed oops, g1 gc, windows-amd64)
Heap:
 garbage-first heap   total 542720K, used 159566K [0x0000000700000000, 0x0000000700101090, 0x00000007c0000000)
  region size 1024K, 19 young (19456K), 2 survivors (2048K)
 Metaspace       used 95032K, capacity 98171K, committed 103244K, reserved 1138688K
  class space    used 12845K, capacity 13438K, committed 14464K, reserved 1048576K
GC Heap History (10 events):
Event: 5087.946 GC heap before
{Heap before GC invocations=574 (full 12):
 garbage-first heap   total 542720K, used 203092K [0x0000000700000000, 0x0000000700101090, 0x00000007c0000000)
  region size 1024K, 60 young (61440K), 2 survivors (2048K)
 Metaspace       used 94871K, capacity 97959K, committed 102988K, reserved 1138688K
  class space    used 12831K, capacity 13424K, committed 14464K, reserved 1048576K
}
Event: 5087.949 GC heap after
{Heap after GC invocations=575 (full 12):
 garbage-first heap   total 542720K, used 143114K [0x0000000700000000, 0x0000000700101090, 0x00000007c0000000)
  region size 1024K, 2 young (2048K), 2 survivors (2048K)
 Metaspace       used 94871K, capacity 97959K, committed 102988K, reserved 1138688K
  class space    used 12831K, capacity 13424K, committed 14464K, reserved 1048576K
}
Event: 5173.451 GC heap before
{Heap before GC invocations=575 (full 12):
 garbage-first heap   total 542720K, used 202506K [0x0000000700000000, 0x0000000700101090, 0x00000007c0000000)
  region size 1024K, 60 young (61440K), 2 survivors (2048K)
 Metaspace       used 94871K, capacity 97959K, committed 102988K, reserved 1138688K
  class space    used 12831K, capacity 13424K, committed 14464K, reserved 1048576K
}
Event: 5173.457 GC heap after
{Heap after GC invocations=576 (full 12):
 garbage-first heap   total 542720K, used 143259K [0x0000000700000000, 0x0000000700101090, 0x00000007c0000000)
  region size 1024K, 2 young (2048K), 2 survivors (2048K)
 Metaspace       used 94871K, capacity 97959K, committed 102988K, reserved 1138688K
  class space    used 12831K, capacity 13424K, committed 14464K, reserved 1048576K
}
Event: 5173.826 GC heap before
{Heap before GC invocations=576 (full 12):
 garbage-first heap   total 542720K, used 202651K [0x0000000700000000, 0x0000000700101090, 0x00000007c0000000)
  region size 1024K, 60 young (61440K), 2 survivors (2048K)
 Metaspace       used 94871K, capacity 97959K, committed 102988K, reserved 1138688K
  class space    used 12831K, capacity 13424K, committed 14464K, reserved 1048576K
}
Event: 5173.828 GC heap after
{Heap after GC invocations=577 (full 12):
 garbage-first heap   total 542720K, used 142939K [0x0000000700000000, 0x0000000700101090, 0x00000007c0000000)
  region size 1024K, 2 young (2048K), 2 survivors (2048K)
 Metaspace       used 94871K, capacity 97959K, committed 102988K, reserved 1138688K
  class space    used 12831K, capacity 13424K, committed 14464K, reserved 1048576K
}
Event: 5174.110 GC heap before
{Heap before GC invocations=577 (full 12):
 garbage-first heap   total 542720K, used 202331K [0x0000000700000000, 0x0000000700101090, 0x00000007c0000000)
  region size 1024K, 60 young (61440K), 2 survivors (2048K)
 Metaspace       used 94871K, capacity 97959K, committed 102988K, reserved 1138688K
  class space    used 12831K, capacity 13424K, committed 14464K, reserved 1048576K
}
Event: 5174.113 GC heap after
{Heap after GC invocations=578 (full 12):
 garbage-first heap   total 542720K, used 142906K [0x0000000700000000, 0x0000000700101090, 0x00000007c0000000)
  region size 1024K, 2 young (2048K), 2 survivors (2048K)
 Metaspace       used 94871K, capacity 97959K, committed 102988K, reserved 1138688K
  class space    used 12831K, capacity 13424K, committed 14464K, reserved 1048576K
}
Event: 5176.717 GC heap before
{Heap before GC invocations=578 (full 12):
 garbage-first heap   total 542720K, used 202298K [0x0000000700000000, 0x0000000700101090, 0x00000007c0000000)
  region size 1024K, 60 young (61440K), 2 survivors (2048K)
 Metaspace       used 94982K, capacity 98159K, committed 103244K, reserved 1138688K
  class space    used 12841K, capacity 13436K, committed 14464K, reserved 1048576K
}
Event: 5176.721 GC heap after
{Heap after GC invocations=579 (full 12):
 garbage-first heap   total 542720K, used 143182K [0x0000000700000000, 0x0000000700101090, 0x00000007c0000000)
  region size 1024K, 2 young (2048K), 2 survivors (2048K)
 Metaspace       used 94982K, capacity 98159K, committed 103244K, reserved 1138688K
  class space    used 12841K, capacity 13436K, committed 14464K, reserved 1048576K
}

